<?xml version="1.0" encoding="UTF-8"?>
<!-- Generated by org.testng.reporters.JUnitReportReporter -->
<testsuite hostname="DESKTOP-Q13OS2E" failures="0" tests="1" name="test.drag_drop" time="5.326" errors="0" timestamp="11 Nov 2022 10:43:28 GMT">
  <testcase classname="test.drag_drop" name="test" time="5.326"/>
</testsuite> <!-- test.drag_drop -->
