<?xml version="1.0" encoding="UTF-8"?>
<!-- Generated by org.testng.reporters.JUnitReportReporter -->
<testsuite hostname="DESKTOP-Q13OS2E" failures="0" tests="2" name="demo125.NewTestng" time="19.145" errors="0" timestamp="2022-10-27T16:58:29 IST" skipped="0">
  <testcase classname="demo125.NewTestng" name="f" time="10.348"/>
  <system-out/>
  <testcase classname="demo125.NewTestng" name="f" time="8.797"/>
  <system-out/>
</testsuite> <!-- demo125.NewTestng -->
