<?xml version="1.0" encoding="UTF-8"?>
<!-- Generated by org.testng.reporters.JUnitReportReporter -->
<testsuite hostname="DESKTOP-Q13OS2E" failures="0" tests="1" name="test.Makemytrip1" time="224.091" errors="0" timestamp="9 Nov 2022 18:32:14 GMT">
  <testcase classname="test.Makemytrip1" name="test" time="224.091"/>
</testsuite> <!-- test.Makemytrip1 -->
