<?xml version="1.0" encoding="UTF-8"?>
<!-- Generated by org.testng.reporters.JUnitReportReporter -->
<testsuite hostname="DESKTOP-Q13OS2E" failures="0" tests="4" name="demo125.Testngjunit" time="0.046" errors="0" timestamp="2022-10-27T15:23:18 IST" skipped="0">
  <testcase classname="demo125.Testngjunit" name="apple" time="0.030"/>
  <system-out/>
  <testcase classname="demo125.Testngjunit" name="car" time="0.012"/>
  <system-out/>
  <testcase classname="demo125.Testngjunit" name="doll" time="0.002"/>
  <system-out/>
  <testcase classname="demo125.Testngjunit" name="eren" time="0.002"/>
  <system-out/>
</testsuite> <!-- demo125.Testngjunit -->
