<?xml version="1.0" encoding="UTF-8"?>
<!-- Generated by org.testng.reporters.JUnitReportReporter -->
<testsuite hostname="DESKTOP-Q13OS2E" failures="0" tests="1" name="demo125.First_selenium_program" time="80.112" errors="0" timestamp="20 Oct 2022 17:41:37 GMT">
  <testcase classname="demo125.First_selenium_program" name="jaws" time="80.112"/>
</testsuite> <!-- demo125.First_selenium_program -->
