<?xml version="1.0" encoding="UTF-8"?>
<!-- Generated by org.testng.reporters.JUnitReportReporter -->
<testsuite hostname="DESKTOP-Q13OS2E" failures="0" tests="1" name="runner.test_runner" time="58.840" errors="0" timestamp="3 Nov 2022 10:52:52 GMT">
  <testcase classname="runner.test_runner" name="runScenario" time="58.840"/>
</testsuite> <!-- runner.test_runner -->
