<?xml version="1.0" encoding="UTF-8"?>
<!-- Generated by org.testng.reporters.JUnitReportReporter -->
<testsuite hostname="DESKTOP-Q13OS2E" failures="0" tests="2" name="demo125.Third" time="24.442" errors="0" timestamp="10 Oct 2022 13:14:13 GMT">
  <testcase classname="demo125.Third" name="testcase1" time="5.380"/>
  <testcase classname="demo125.Third" name="testcase2" time="19.062"/>
</testsuite> <!-- demo125.Third -->
