<?xml version="1.0" encoding="UTF-8"?>
<!-- Generated by org.testng.reporters.JUnitReportReporter -->
<testsuite hostname="DESKTOP-Q13OS2E" failures="0" tests="3" name="casestudy.Testng$HRM" time="26.060" errors="0" timestamp="20 Oct 2022 17:36:35 GMT">
  <testcase classname="casestudy.Testng$HRM" name="vijay" time="17.056"/>
  <testcase classname="casestudy.Testng$HRM" name="vijay3" time="3.380"/>
  <testcase classname="casestudy.Testng$HRM" name="vijay2" time="5.624"/>
</testsuite> <!-- casestudy.Testng$HRM -->
