<?xml version="1.0" encoding="UTF-8"?>
<!-- Generated by org.testng.reporters.JUnitReportReporter -->
<testsuite hostname="DESKTOP-Q13OS2E" failures="0" tests="3" name="demo125.HRM" time="9.612" errors="0" timestamp="20 Oct 2022 13:01:58 GMT">
  <testcase classname="demo125.HRM" name="vijay3" time="3.286"/>
  <testcase classname="demo125.HRM" name="vijay" time="1.373"/>
  <testcase classname="demo125.HRM" name="vijay2" time="4.953"/>
</testsuite> <!-- demo125.HRM -->
