<?xml version="1.0" encoding="UTF-8"?>
<!-- Generated by org.testng.reporters.JUnitReportReporter -->
<testsuite hostname="DESKTOP-Q13OS2E" failures="0" tests="1" name="demo125.Second_project" time="16.111" errors="0" timestamp="19 Oct 2022 05:10:13 GMT">
  <testcase classname="demo125.Second_project" name="jaws4" time="16.111"/>
</testsuite> <!-- demo125.Second_project -->
