<?xml version="1.0" encoding="UTF-8"?>
<!-- Generated by org.testng.reporters.JUnitReportReporter -->
<testsuite hostname="DESKTOP-Q13OS2E" failures="0" tests="1" name="demo125.extent_invocation$HRM" time="1.661" errors="0" timestamp="11 Nov 2022 08:37:49 GMT">
  <testcase classname="demo125.extent_invocation$HRM" name="vijay2" time="1.661"/>
</testsuite> <!-- demo125.extent_invocation$HRM -->
