<?xml version="1.0" encoding="UTF-8"?>
<!-- Generated by org.testng.reporters.JUnitReportReporter -->
<testsuite hostname="DESKTOP-Q13OS2E" failures="0" tests="2" name="demo125.First_selenium_program$HRM" time="3.780" errors="0" timestamp="11 Nov 2022 05:44:24 GMT">
  <testcase classname="demo125.First_selenium_program$HRM" name="vijay" time="1.965"/>
  <testcase classname="demo125.First_selenium_program$HRM" name="vijay2" time="1.815"/>
</testsuite> <!-- demo125.First_selenium_program$HRM -->
